2021-01-12 20:36:11 INFO  EmployeesRestAPI:15 - Started GetAllEmployees
2021-01-12 20:36:14 INFO  EmployeesRestAPI:51 - Check Status Line
2021-01-12 20:36:14 INFO  EmployeesRestAPI:54 - Status Line is = HTTP/1.1 200 OK
2021-01-12 20:36:14 INFO  EmployeesRestAPI:60 - Checking Content Type
2021-01-12 20:36:14 INFO  EmployeesRestAPI:63 - Content Type is = application/json;charset=utf-8
2021-01-12 20:36:14 INFO  EmployeesRestAPI:24 - Checking Response Body
2021-01-12 20:36:14 INFO  EmployeesRestAPI:27 - Response Body = {"status":"success","data":[{"id":"1","employee_name":"Tiger Nixon","employee_salary":"320800","employee_age":"61","profile_image":""},{"id":"2","employee_name":"Garrett Winters","employee_salary":"170750","employee_age":"63","profile_image":""},{"id":"3","employee_name":"Ashton Cox","employee_salary":"86000","employee_age":"66","profile_image":""},{"id":"4","employee_name":"Cedric Kelly","employee_salary":"433060","employee_age":"22","profile_image":""},{"id":"5","employee_name":"Airi Satou","employee_salary":"162700","employee_age":"33","profile_image":""},{"id":"6","employee_name":"Brielle Williamson","employee_salary":"372000","employee_age":"61","profile_image":""},{"id":"7","employee_name":"Herrod Chandler","employee_salary":"137500","employee_age":"59","profile_image":""},{"id":"8","employee_name":"Rhona Davidson","employee_salary":"327900","employee_age":"55","profile_image":""},{"id":"9","employee_name":"Colleen Hurst","employee_salary":"205500","employee_age":"39","profile_image":""},{"id":"10","employee_name":"Sonya Frost","employee_salary":"103600","employee_age":"23","profile_image":""},{"id":"11","employee_name":"Jena Gaines","employee_salary":"90560","employee_age":"30","profile_image":""},{"id":"12","employee_name":"Quinn Flynn","employee_salary":"342000","employee_age":"22","profile_image":""},{"id":"13","employee_name":"Charde Marshall","employee_salary":"470600","employee_age":"36","profile_image":""},{"id":"14","employee_name":"Haley Kennedy","employee_salary":"313500","employee_age":"43","profile_image":""},{"id":"15","employee_name":"Tatyana Fitzpatrick","employee_salary":"385750","employee_age":"19","profile_image":""},{"id":"16","employee_name":"Michael Silva","employee_salary":"198500","employee_age":"66","profile_image":""},{"id":"17","employee_name":"Paul Byrd","employee_salary":"725000","employee_age":"64","profile_image":""},{"id":"18","employee_name":"Gloria Little","employee_salary":"237500","employee_age":"59","profile_image":""},{"id":"19","employee_name":"Bradley Greer","employee_salary":"132000","employee_age":"41","profile_image":""},{"id":"20","employee_name":"Dai Rios","employee_salary":"217500","employee_age":"35","profile_image":""},{"id":"21","employee_name":"Jenette Caldwell","employee_salary":"345000","employee_age":"30","profile_image":""},{"id":"22","employee_name":"Yuri Berry","employee_salary":"675000","employee_age":"40","profile_image":""},{"id":"23","employee_name":"Caesar Vance","employee_salary":"106450","employee_age":"21","profile_image":""},{"id":"24","employee_name":"Doris Wilder","employee_salary":"85600","employee_age":"23","profile_image":""}]}
2021-01-12 20:36:14 INFO  EmployeesRestAPI:69 - Checking Server Type
2021-01-12 20:36:14 INFO  EmployeesRestAPI:72 - Server Type is = nginx/1.16.0
2021-01-12 20:36:14 INFO  EmployeesRestAPI:33 - Checking Status Code
2021-01-12 20:36:14 INFO  EmployeesRestAPI:36 - Status Code is = 200
2021-01-12 20:36:14 INFO  EmployeesRestAPI:42 - Checking Response Time
2021-01-12 20:36:14 INFO  EmployeesRestAPI:45 - Response Time is = 1100
2021-01-12 20:36:14 INFO  EmployeesRestAPI:78 - Finihed GetAllEmployees
2021-01-12 20:38:03 INFO  EmployeesRestAPI:15 - Started GetAllEmployees
2021-01-12 20:38:06 INFO  EmployeesRestAPI:24 - Checking Response Body
2021-01-12 20:38:06 INFO  EmployeesRestAPI:27 - Response Body = {"status":"success","data":[{"id":"1","employee_name":"Tiger Nixon","employee_salary":"320800","employee_age":"61","profile_image":""},{"id":"2","employee_name":"Garrett Winters","employee_salary":"170750","employee_age":"63","profile_image":""},{"id":"3","employee_name":"Ashton Cox","employee_salary":"86000","employee_age":"66","profile_image":""},{"id":"4","employee_name":"Cedric Kelly","employee_salary":"433060","employee_age":"22","profile_image":""},{"id":"5","employee_name":"Airi Satou","employee_salary":"162700","employee_age":"33","profile_image":""},{"id":"6","employee_name":"Brielle Williamson","employee_salary":"372000","employee_age":"61","profile_image":""},{"id":"7","employee_name":"Herrod Chandler","employee_salary":"137500","employee_age":"59","profile_image":""},{"id":"8","employee_name":"Rhona Davidson","employee_salary":"327900","employee_age":"55","profile_image":""},{"id":"9","employee_name":"Colleen Hurst","employee_salary":"205500","employee_age":"39","profile_image":""},{"id":"10","employee_name":"Sonya Frost","employee_salary":"103600","employee_age":"23","profile_image":""},{"id":"11","employee_name":"Jena Gaines","employee_salary":"90560","employee_age":"30","profile_image":""},{"id":"12","employee_name":"Quinn Flynn","employee_salary":"342000","employee_age":"22","profile_image":""},{"id":"13","employee_name":"Charde Marshall","employee_salary":"470600","employee_age":"36","profile_image":""},{"id":"14","employee_name":"Haley Kennedy","employee_salary":"313500","employee_age":"43","profile_image":""},{"id":"15","employee_name":"Tatyana Fitzpatrick","employee_salary":"385750","employee_age":"19","profile_image":""},{"id":"16","employee_name":"Michael Silva","employee_salary":"198500","employee_age":"66","profile_image":""},{"id":"17","employee_name":"Paul Byrd","employee_salary":"725000","employee_age":"64","profile_image":""},{"id":"18","employee_name":"Gloria Little","employee_salary":"237500","employee_age":"59","profile_image":""},{"id":"19","employee_name":"Bradley Greer","employee_salary":"132000","employee_age":"41","profile_image":""},{"id":"20","employee_name":"Dai Rios","employee_salary":"217500","employee_age":"35","profile_image":""},{"id":"21","employee_name":"Jenette Caldwell","employee_salary":"345000","employee_age":"30","profile_image":""},{"id":"22","employee_name":"Yuri Berry","employee_salary":"675000","employee_age":"40","profile_image":""},{"id":"23","employee_name":"Caesar Vance","employee_salary":"106450","employee_age":"21","profile_image":""},{"id":"24","employee_name":"Doris Wilder","employee_salary":"85600","employee_age":"23","profile_image":""}]}
2021-01-12 20:38:06 INFO  EmployeesRestAPI:42 - Checking Response Time
2021-01-12 20:38:06 INFO  EmployeesRestAPI:45 - Response Time is = 828
2021-01-12 20:38:06 INFO  EmployeesRestAPI:51 - Check Status Line
2021-01-12 20:38:06 INFO  EmployeesRestAPI:54 - Status Line is = HTTP/1.1 200 OK
2021-01-12 20:38:06 INFO  EmployeesRestAPI:33 - Checking Status Code
2021-01-12 20:38:06 INFO  EmployeesRestAPI:36 - Status Code is = 200
2021-01-12 20:38:06 INFO  EmployeesRestAPI:69 - Checking Server Type
2021-01-12 20:38:06 INFO  EmployeesRestAPI:72 - Server Type is = nginx/1.16.0
2021-01-12 20:38:06 INFO  EmployeesRestAPI:60 - Checking Content Type
2021-01-12 20:38:06 INFO  EmployeesRestAPI:63 - Content Type is = application/json;charset=utf-8
2021-01-12 20:38:06 INFO  EmployeesRestAPI:78 - Finihed GetAllEmployees
2021-01-12 20:43:17 INFO  EmployeesRestAPI:15 - Started GetAllEmployees
2021-01-12 20:43:20 INFO  EmployeesRestAPI:33 - Checking Status Code
2021-01-12 20:43:20 INFO  EmployeesRestAPI:36 - Status Code is = 200
2021-01-12 20:43:20 INFO  EmployeesRestAPI:69 - Checking Server Type
2021-01-12 20:43:20 INFO  EmployeesRestAPI:72 - Server Type is = nginx/1.16.0
2021-01-12 20:43:20 INFO  EmployeesRestAPI:51 - Check Status Line
2021-01-12 20:43:20 INFO  EmployeesRestAPI:54 - Status Line is = HTTP/1.1 200 OK
2021-01-12 20:43:20 INFO  EmployeesRestAPI:24 - Checking Response Body
2021-01-12 20:43:20 INFO  EmployeesRestAPI:27 - Response Body = {"status":"success","data":[{"id":"1","employee_name":"Tiger Nixon","employee_salary":"320800","employee_age":"61","profile_image":""},{"id":"2","employee_name":"Garrett Winters","employee_salary":"170750","employee_age":"63","profile_image":""},{"id":"3","employee_name":"Ashton Cox","employee_salary":"86000","employee_age":"66","profile_image":""},{"id":"4","employee_name":"Cedric Kelly","employee_salary":"433060","employee_age":"22","profile_image":""},{"id":"5","employee_name":"Airi Satou","employee_salary":"162700","employee_age":"33","profile_image":""},{"id":"6","employee_name":"Brielle Williamson","employee_salary":"372000","employee_age":"61","profile_image":""},{"id":"7","employee_name":"Herrod Chandler","employee_salary":"137500","employee_age":"59","profile_image":""},{"id":"8","employee_name":"Rhona Davidson","employee_salary":"327900","employee_age":"55","profile_image":""},{"id":"9","employee_name":"Colleen Hurst","employee_salary":"205500","employee_age":"39","profile_image":""},{"id":"10","employee_name":"Sonya Frost","employee_salary":"103600","employee_age":"23","profile_image":""},{"id":"11","employee_name":"Jena Gaines","employee_salary":"90560","employee_age":"30","profile_image":""},{"id":"12","employee_name":"Quinn Flynn","employee_salary":"342000","employee_age":"22","profile_image":""},{"id":"13","employee_name":"Charde Marshall","employee_salary":"470600","employee_age":"36","profile_image":""},{"id":"14","employee_name":"Haley Kennedy","employee_salary":"313500","employee_age":"43","profile_image":""},{"id":"15","employee_name":"Tatyana Fitzpatrick","employee_salary":"385750","employee_age":"19","profile_image":""},{"id":"16","employee_name":"Michael Silva","employee_salary":"198500","employee_age":"66","profile_image":""},{"id":"17","employee_name":"Paul Byrd","employee_salary":"725000","employee_age":"64","profile_image":""},{"id":"18","employee_name":"Gloria Little","employee_salary":"237500","employee_age":"59","profile_image":""},{"id":"19","employee_name":"Bradley Greer","employee_salary":"132000","employee_age":"41","profile_image":""},{"id":"20","employee_name":"Dai Rios","employee_salary":"217500","employee_age":"35","profile_image":""},{"id":"21","employee_name":"Jenette Caldwell","employee_salary":"345000","employee_age":"30","profile_image":""},{"id":"22","employee_name":"Yuri Berry","employee_salary":"675000","employee_age":"40","profile_image":""},{"id":"23","employee_name":"Caesar Vance","employee_salary":"106450","employee_age":"21","profile_image":""},{"id":"24","employee_name":"Doris Wilder","employee_salary":"85600","employee_age":"23","profile_image":""}]}
2021-01-12 20:43:20 INFO  EmployeesRestAPI:42 - Checking Response Time
2021-01-12 20:43:20 INFO  EmployeesRestAPI:45 - Response Time is = 955
2021-01-12 20:43:20 INFO  EmployeesRestAPI:60 - Checking Content Type
2021-01-12 20:43:20 INFO  EmployeesRestAPI:63 - Content Type is = application/json;charset=utf-8
2021-01-12 20:43:20 INFO  EmployeesRestAPI:78 - Finihed GetAllEmployees
2021-01-12 20:50:16 INFO  EmployeesRestAPI:15 - *****  Started GetAllEmployees  *******
2021-01-12 20:50:19 INFO  EmployeesRestAPI:24 - *****  Checking Response Body  *******
2021-01-12 20:50:19 INFO  EmployeesRestAPI:27 - Response Body = {"status":"success","data":[{"id":"1","employee_name":"Tiger Nixon","employee_salary":"320800","employee_age":"61","profile_image":""},{"id":"2","employee_name":"Garrett Winters","employee_salary":"170750","employee_age":"63","profile_image":""},{"id":"3","employee_name":"Ashton Cox","employee_salary":"86000","employee_age":"66","profile_image":""},{"id":"4","employee_name":"Cedric Kelly","employee_salary":"433060","employee_age":"22","profile_image":""},{"id":"5","employee_name":"Airi Satou","employee_salary":"162700","employee_age":"33","profile_image":""},{"id":"6","employee_name":"Brielle Williamson","employee_salary":"372000","employee_age":"61","profile_image":""},{"id":"7","employee_name":"Herrod Chandler","employee_salary":"137500","employee_age":"59","profile_image":""},{"id":"8","employee_name":"Rhona Davidson","employee_salary":"327900","employee_age":"55","profile_image":""},{"id":"9","employee_name":"Colleen Hurst","employee_salary":"205500","employee_age":"39","profile_image":""},{"id":"10","employee_name":"Sonya Frost","employee_salary":"103600","employee_age":"23","profile_image":""},{"id":"11","employee_name":"Jena Gaines","employee_salary":"90560","employee_age":"30","profile_image":""},{"id":"12","employee_name":"Quinn Flynn","employee_salary":"342000","employee_age":"22","profile_image":""},{"id":"13","employee_name":"Charde Marshall","employee_salary":"470600","employee_age":"36","profile_image":""},{"id":"14","employee_name":"Haley Kennedy","employee_salary":"313500","employee_age":"43","profile_image":""},{"id":"15","employee_name":"Tatyana Fitzpatrick","employee_salary":"385750","employee_age":"19","profile_image":""},{"id":"16","employee_name":"Michael Silva","employee_salary":"198500","employee_age":"66","profile_image":""},{"id":"17","employee_name":"Paul Byrd","employee_salary":"725000","employee_age":"64","profile_image":""},{"id":"18","employee_name":"Gloria Little","employee_salary":"237500","employee_age":"59","profile_image":""},{"id":"19","employee_name":"Bradley Greer","employee_salary":"132000","employee_age":"41","profile_image":""},{"id":"20","employee_name":"Dai Rios","employee_salary":"217500","employee_age":"35","profile_image":""},{"id":"21","employee_name":"Jenette Caldwell","employee_salary":"345000","employee_age":"30","profile_image":""},{"id":"22","employee_name":"Yuri Berry","employee_salary":"675000","employee_age":"40","profile_image":""},{"id":"23","employee_name":"Caesar Vance","employee_salary":"106450","employee_age":"21","profile_image":""},{"id":"24","employee_name":"Doris Wilder","employee_salary":"85600","employee_age":"23","profile_image":""}]}
2021-01-12 20:50:19 INFO  EmployeesRestAPI:69 - *******  Checking Server Type  ********
2021-01-12 20:50:19 INFO  EmployeesRestAPI:72 - Server Type is = nginx/1.16.0
2021-01-12 20:50:19 INFO  EmployeesRestAPI:51 - *****  Check Status Line  *******
2021-01-12 20:50:19 INFO  EmployeesRestAPI:54 - Status Line is = HTTP/1.1 200 OK
2021-01-12 20:50:19 INFO  EmployeesRestAPI:42 - *******  Checking Response Time  *******
2021-01-12 20:50:19 INFO  EmployeesRestAPI:45 - Response Time is = 1070
2021-01-12 20:50:19 INFO  EmployeesRestAPI:60 - ******  Checking Content Type  *********
2021-01-12 20:50:19 INFO  EmployeesRestAPI:63 - Content Type is = application/json;charset=utf-8
2021-01-12 20:50:19 INFO  EmployeesRestAPI:33 - ******  Checking Status Code  *******
2021-01-12 20:50:19 INFO  EmployeesRestAPI:36 - Status Code is = 200
2021-01-12 20:50:19 INFO  EmployeesRestAPI:78 - ******  Finihed GetAllEmployees  *******
2021-01-13 00:38:42 INFO  EmployeesRestAPI:20 - ***** Started Get Employee Data  ******
2021-01-13 00:38:47 INFO  EmployeesRestAPI:65 - ******  Finihed GetAllEmployees  *******
2021-01-13 00:42:36 INFO  EmployeesRestAPI:20 - ***** Started Get Employee Data  ******
2021-01-13 00:42:39 INFO  EmployeesRestAPI:65 - ******  Finihed GetAllEmployees  *******
2021-01-13 00:44:12 INFO  EmployeesRestAPI:20 - ***** Started Get Employee Data  ******
2021-01-13 00:44:16 INFO  EmployeesRestAPI:65 - ******  Finihed GetAllEmployees  *******
2021-01-13 00:44:40 INFO  EmployeesRestAPI:20 - ***** Started Get Employee Data  ******
2021-01-13 00:44:42 INFO  EmployeesRestAPI:65 - ******  Finihed GetAllEmployees  *******
2021-01-13 00:46:45 INFO  EmployeesRestAPI:20 - ***** Started Get Employee Data  ******
2021-01-13 00:46:47 INFO  EmployeesRestAPI:65 - ******  Finihed GetAllEmployees  *******
2021-01-13 00:52:49 INFO  EmployeesRestAPI:20 - ***** Started Get Employee Data  ******
2021-01-13 00:52:52 INFO  EmployeesRestAPI:65 - ******  Finihed GetAllEmployees  *******
2021-01-13 00:56:05 INFO  EmployeesRestAPI:20 - ***** Started Get Employee Data  ******
2021-01-13 00:56:08 INFO  EmployeesRestAPI:65 - ******  Finihed GetAllEmployees  *******
2021-01-13 11:26:47 INFO  EmployeesRestAPI:26 - *****  Started Post Employee *****
2021-01-13 11:26:50 INFO  EmployeesRestAPI:76 - ******  Finished Post Employees  *******
2021-01-13 11:27:51 INFO  EmployeesRestAPI:26 - *****  Started Post Employee *****
2021-01-13 11:27:54 INFO  EmployeesRestAPI:76 - ******  Finished Post Employees  *******
2021-01-13 11:28:42 INFO  EmployeesRestAPI:26 - *****  Started Post Employee *****
2021-01-13 11:28:45 INFO  EmployeesRestAPI:77 - ******  Finished Post Employees  *******
2021-01-13 11:29:17 INFO  EmployeesRestAPI:26 - *****  Started Post Employee *****
2021-01-13 11:29:20 INFO  EmployeesRestAPI:77 - ******  Finished Post Employees  *******
2021-01-13 11:38:17 INFO  EmployeesRestAPI:26 - *****  Started Post Employee *****
2021-01-13 11:38:20 INFO  EmployeesRestAPI:77 - ******  Finished Post Employees  *******
2021-01-13 12:01:17 INFO  EmployeesRestAPI:26 - *****  Started Post Employee *****
2021-01-13 12:01:20 INFO  EmployeesRestAPI:77 - ******  Finished Post Employees  *******
2021-01-13 12:41:52 INFO  EmployeesRestAPI:26 - *****  Started Update Employee *****
2021-01-13 12:41:56 INFO  EmployeesRestAPI:77 - ******  Finished Update Employees  *******
2021-01-13 12:42:19 INFO  EmployeesRestAPI:26 - *****  Started Update Employee *****
2021-01-13 12:42:22 INFO  EmployeesRestAPI:77 - ******  Finished Update Employees  *******
2021-01-13 13:04:12 INFO  EmployeesRestAPI:20 - *****  Started Delete Employee  *******
2021-01-13 13:04:31 INFO  EmployeesRestAPI:20 - *****  Started Delete Employee  *******
2021-01-13 13:05:50 INFO  EmployeesRestAPI:20 - *****  Started Delete Employee  *******
2021-01-13 13:06:46 INFO  EmployeesRestAPI:20 - *****  Started Delete Employee  *******
2021-01-13 13:07:24 INFO  EmployeesRestAPI:20 - *****  Started Delete Employee  *******
2021-01-13 13:08:05 INFO  EmployeesRestAPI:20 - *****  Started Delete Employee  *******
2021-01-13 13:09:54 INFO  EmployeesRestAPI:20 - *****  Started Delete Employee  *******
2021-01-13 13:12:32 INFO  EmployeesRestAPI:20 - *****  Started Delete Employee  *******
2021-01-13 13:14:20 INFO  EmployeesRestAPI:20 - *****  Started Delete Employee  *******
2021-01-13 13:15:39 INFO  EmployeesRestAPI:20 - *****  Started Delete Employee  *******
2021-01-13 13:18:32 INFO  EmployeesRestAPI:20 - *****  Started Delete Employee  *******
2021-01-13 13:36:00 INFO  EmployeesRestAPI:20 - *****  Started Delete Employee  *******
2021-01-13 13:36:19 INFO  EmployeesRestAPI:20 - *****  Started Delete Employee  *******
2021-01-13 13:44:16 INFO  EmployeesRestAPI:21 - *****  Started Delete Employee  *******
2021-01-13 13:44:20 INFO  EmployeesRestAPI:66 - ******  Finished Delete Employees  *******
2021-01-13 16:04:59 INFO  EmployeesRestAPI:17 - *****  Started GetAllEmployees  *******
2021-01-13 16:05:02 INFO  EmployeesRestAPI:71 - *******  Checking Server Type  ********
2021-01-13 16:05:02 INFO  EmployeesRestAPI:74 - Server Type is = nginx/1.16.0
2021-01-13 16:05:02 INFO  EmployeesRestAPI:44 - *******  Checking Response Time  *******
2021-01-13 16:05:02 INFO  EmployeesRestAPI:47 - Response Time is = 1006
2021-01-13 16:05:02 INFO  EmployeesRestAPI:62 - ******  Checking Content Type  *********
2021-01-13 16:05:02 INFO  EmployeesRestAPI:65 - Content Type is = application/json;charset=utf-8
2021-01-13 16:05:02 INFO  EmployeesRestAPI:26 - *****  Checking Response Body  *******
2021-01-13 16:05:02 INFO  EmployeesRestAPI:29 - Response Body = {"status":"success","data":[{"id":"1","employee_name":"Tiger Nixon","employee_salary":"320800","employee_age":"61","profile_image":""},{"id":"2","employee_name":"Garrett Winters","employee_salary":"170750","employee_age":"63","profile_image":""},{"id":"3","employee_name":"Ashton Cox","employee_salary":"86000","employee_age":"66","profile_image":""},{"id":"4","employee_name":"Cedric Kelly","employee_salary":"433060","employee_age":"22","profile_image":""},{"id":"5","employee_name":"Airi Satou","employee_salary":"162700","employee_age":"33","profile_image":""},{"id":"6","employee_name":"Brielle Williamson","employee_salary":"372000","employee_age":"61","profile_image":""},{"id":"7","employee_name":"Herrod Chandler","employee_salary":"137500","employee_age":"59","profile_image":""},{"id":"8","employee_name":"Rhona Davidson","employee_salary":"327900","employee_age":"55","profile_image":""},{"id":"9","employee_name":"Colleen Hurst","employee_salary":"205500","employee_age":"39","profile_image":""},{"id":"10","employee_name":"Sonya Frost","employee_salary":"103600","employee_age":"23","profile_image":""},{"id":"11","employee_name":"Jena Gaines","employee_salary":"90560","employee_age":"30","profile_image":""},{"id":"12","employee_name":"Quinn Flynn","employee_salary":"342000","employee_age":"22","profile_image":""},{"id":"13","employee_name":"Charde Marshall","employee_salary":"470600","employee_age":"36","profile_image":""},{"id":"14","employee_name":"Haley Kennedy","employee_salary":"313500","employee_age":"43","profile_image":""},{"id":"15","employee_name":"Tatyana Fitzpatrick","employee_salary":"385750","employee_age":"19","profile_image":""},{"id":"16","employee_name":"Michael Silva","employee_salary":"198500","employee_age":"66","profile_image":""},{"id":"17","employee_name":"Paul Byrd","employee_salary":"725000","employee_age":"64","profile_image":""},{"id":"18","employee_name":"Gloria Little","employee_salary":"237500","employee_age":"59","profile_image":""},{"id":"19","employee_name":"Bradley Greer","employee_salary":"132000","employee_age":"41","profile_image":""},{"id":"20","employee_name":"Dai Rios","employee_salary":"217500","employee_age":"35","profile_image":""},{"id":"21","employee_name":"Jenette Caldwell","employee_salary":"345000","employee_age":"30","profile_image":""},{"id":"22","employee_name":"Yuri Berry","employee_salary":"675000","employee_age":"40","profile_image":""},{"id":"23","employee_name":"Caesar Vance","employee_salary":"106450","employee_age":"21","profile_image":""},{"id":"24","employee_name":"Doris Wilder","employee_salary":"85600","employee_age":"23","profile_image":""}]}
2021-01-13 16:05:02 INFO  EmployeesRestAPI:35 - ******  Checking Status Code  *******
2021-01-13 16:05:02 INFO  EmployeesRestAPI:38 - Status Code is = 200
2021-01-13 16:05:02 INFO  EmployeesRestAPI:53 - *****  Check Status Line  *******
2021-01-13 16:05:02 INFO  EmployeesRestAPI:56 - Status Line is = HTTP/1.1 200 OK
2021-01-13 16:05:02 INFO  EmployeesRestAPI:80 - ******  Finished GetAllEmployees  *******
2021-01-13 16:07:28 INFO  EmployeesRestAPI:16 - *****  Started GetAllEmployees  *******
2021-01-13 16:07:31 INFO  EmployeesRestAPI:43 - *******  Checking Response Time  *******
2021-01-13 16:07:31 INFO  EmployeesRestAPI:46 - Response Time is = 904
2021-01-13 16:07:31 INFO  EmployeesRestAPI:70 - *******  Checking Server Type  ********
2021-01-13 16:07:31 INFO  EmployeesRestAPI:73 - Server Type is = nginx/1.16.0
2021-01-13 16:07:31 INFO  EmployeesRestAPI:52 - *****  Check Status Line  *******
2021-01-13 16:07:31 INFO  EmployeesRestAPI:55 - Status Line is = HTTP/1.1 200 OK
2021-01-13 16:07:31 INFO  EmployeesRestAPI:34 - ******  Checking Status Code  *******
2021-01-13 16:07:31 INFO  EmployeesRestAPI:37 - Status Code is = 200
2021-01-13 16:07:31 INFO  EmployeesRestAPI:25 - *****  Checking Response Body  *******
2021-01-13 16:07:31 INFO  EmployeesRestAPI:28 - Response Body = {"status":"success","data":[{"id":"1","employee_name":"Tiger Nixon","employee_salary":"320800","employee_age":"61","profile_image":""},{"id":"2","employee_name":"Garrett Winters","employee_salary":"170750","employee_age":"63","profile_image":""},{"id":"3","employee_name":"Ashton Cox","employee_salary":"86000","employee_age":"66","profile_image":""},{"id":"4","employee_name":"Cedric Kelly","employee_salary":"433060","employee_age":"22","profile_image":""},{"id":"5","employee_name":"Airi Satou","employee_salary":"162700","employee_age":"33","profile_image":""},{"id":"6","employee_name":"Brielle Williamson","employee_salary":"372000","employee_age":"61","profile_image":""},{"id":"7","employee_name":"Herrod Chandler","employee_salary":"137500","employee_age":"59","profile_image":""},{"id":"8","employee_name":"Rhona Davidson","employee_salary":"327900","employee_age":"55","profile_image":""},{"id":"9","employee_name":"Colleen Hurst","employee_salary":"205500","employee_age":"39","profile_image":""},{"id":"10","employee_name":"Sonya Frost","employee_salary":"103600","employee_age":"23","profile_image":""},{"id":"11","employee_name":"Jena Gaines","employee_salary":"90560","employee_age":"30","profile_image":""},{"id":"12","employee_name":"Quinn Flynn","employee_salary":"342000","employee_age":"22","profile_image":""},{"id":"13","employee_name":"Charde Marshall","employee_salary":"470600","employee_age":"36","profile_image":""},{"id":"14","employee_name":"Haley Kennedy","employee_salary":"313500","employee_age":"43","profile_image":""},{"id":"15","employee_name":"Tatyana Fitzpatrick","employee_salary":"385750","employee_age":"19","profile_image":""},{"id":"16","employee_name":"Michael Silva","employee_salary":"198500","employee_age":"66","profile_image":""},{"id":"17","employee_name":"Paul Byrd","employee_salary":"725000","employee_age":"64","profile_image":""},{"id":"18","employee_name":"Gloria Little","employee_salary":"237500","employee_age":"59","profile_image":""},{"id":"19","employee_name":"Bradley Greer","employee_salary":"132000","employee_age":"41","profile_image":""},{"id":"20","employee_name":"Dai Rios","employee_salary":"217500","employee_age":"35","profile_image":""},{"id":"21","employee_name":"Jenette Caldwell","employee_salary":"345000","employee_age":"30","profile_image":""},{"id":"22","employee_name":"Yuri Berry","employee_salary":"675000","employee_age":"40","profile_image":""},{"id":"23","employee_name":"Caesar Vance","employee_salary":"106450","employee_age":"21","profile_image":""},{"id":"24","employee_name":"Doris Wilder","employee_salary":"85600","employee_age":"23","profile_image":""}]}
2021-01-13 16:07:31 INFO  EmployeesRestAPI:61 - ******  Checking Content Type  *********
2021-01-13 16:07:31 INFO  EmployeesRestAPI:64 - Content Type is = application/json;charset=utf-8
2021-01-13 16:07:31 INFO  EmployeesRestAPI:79 - ******  Finished GetAllEmployees  *******
2021-01-13 16:13:24 INFO  EmployeesRestAPI:17 - *****  Started GetAllEmployees  *******
2021-01-13 16:13:26 INFO  EmployeesRestAPI:26 - *****  Checking Response Body  *******
2021-01-13 16:13:26 INFO  EmployeesRestAPI:29 - Response Body = {"status":"success","data":[{"id":"1","employee_name":"Tiger Nixon","employee_salary":"320800","employee_age":"61","profile_image":""},{"id":"2","employee_name":"Garrett Winters","employee_salary":"170750","employee_age":"63","profile_image":""},{"id":"3","employee_name":"Ashton Cox","employee_salary":"86000","employee_age":"66","profile_image":""},{"id":"4","employee_name":"Cedric Kelly","employee_salary":"433060","employee_age":"22","profile_image":""},{"id":"5","employee_name":"Airi Satou","employee_salary":"162700","employee_age":"33","profile_image":""},{"id":"6","employee_name":"Brielle Williamson","employee_salary":"372000","employee_age":"61","profile_image":""},{"id":"7","employee_name":"Herrod Chandler","employee_salary":"137500","employee_age":"59","profile_image":""},{"id":"8","employee_name":"Rhona Davidson","employee_salary":"327900","employee_age":"55","profile_image":""},{"id":"9","employee_name":"Colleen Hurst","employee_salary":"205500","employee_age":"39","profile_image":""},{"id":"10","employee_name":"Sonya Frost","employee_salary":"103600","employee_age":"23","profile_image":""},{"id":"11","employee_name":"Jena Gaines","employee_salary":"90560","employee_age":"30","profile_image":""},{"id":"12","employee_name":"Quinn Flynn","employee_salary":"342000","employee_age":"22","profile_image":""},{"id":"13","employee_name":"Charde Marshall","employee_salary":"470600","employee_age":"36","profile_image":""},{"id":"14","employee_name":"Haley Kennedy","employee_salary":"313500","employee_age":"43","profile_image":""},{"id":"15","employee_name":"Tatyana Fitzpatrick","employee_salary":"385750","employee_age":"19","profile_image":""},{"id":"16","employee_name":"Michael Silva","employee_salary":"198500","employee_age":"66","profile_image":""},{"id":"17","employee_name":"Paul Byrd","employee_salary":"725000","employee_age":"64","profile_image":""},{"id":"18","employee_name":"Gloria Little","employee_salary":"237500","employee_age":"59","profile_image":""},{"id":"19","employee_name":"Bradley Greer","employee_salary":"132000","employee_age":"41","profile_image":""},{"id":"20","employee_name":"Dai Rios","employee_salary":"217500","employee_age":"35","profile_image":""},{"id":"21","employee_name":"Jenette Caldwell","employee_salary":"345000","employee_age":"30","profile_image":""},{"id":"22","employee_name":"Yuri Berry","employee_salary":"675000","employee_age":"40","profile_image":""},{"id":"23","employee_name":"Caesar Vance","employee_salary":"106450","employee_age":"21","profile_image":""},{"id":"24","employee_name":"Doris Wilder","employee_salary":"85600","employee_age":"23","profile_image":""}]}
2021-01-13 16:13:26 INFO  EmployeesRestAPI:44 - *******  Checking Response Time  *******
2021-01-13 16:13:26 INFO  EmployeesRestAPI:47 - Response Time is = 1029
2021-01-13 16:13:26 INFO  EmployeesRestAPI:53 - *****  Check Status Line  *******
2021-01-13 16:13:26 INFO  EmployeesRestAPI:56 - Status Line is = HTTP/1.1 200 OK
2021-01-13 16:13:26 INFO  EmployeesRestAPI:71 - *******  Checking Server Type  ********
2021-01-13 16:13:26 INFO  EmployeesRestAPI:74 - Server Type is = nginx/1.16.0
2021-01-13 16:13:26 INFO  EmployeesRestAPI:35 - ******  Checking Status Code  *******
2021-01-13 16:13:26 INFO  EmployeesRestAPI:38 - Status Code is = 200
2021-01-13 16:13:26 INFO  EmployeesRestAPI:62 - ******  Checking Content Type  *********
2021-01-13 16:13:26 INFO  EmployeesRestAPI:65 - Content Type is = application/json;charset=utf-8
2021-01-13 16:13:26 INFO  EmployeesRestAPI:80 - ******  Finished GetAllEmployees  *******
2021-01-13 16:19:24 INFO  EmployeesRestAPI:17 - *****  Started GetAllEmployees  *******
2021-01-13 16:19:27 INFO  EmployeesRestAPI:44 - *******  Checking Response Time  *******
2021-01-13 16:19:27 INFO  EmployeesRestAPI:47 - Response Time is = 1063
2021-01-13 16:19:27 INFO  EmployeesRestAPI:35 - ******  Checking Status Code  *******
2021-01-13 16:19:27 INFO  EmployeesRestAPI:38 - Status Code is = 200
2021-01-13 16:19:27 INFO  EmployeesRestAPI:71 - *******  Checking Server Type  ********
2021-01-13 16:19:27 INFO  EmployeesRestAPI:74 - Server Type is = nginx/1.16.0
2021-01-13 16:19:27 INFO  EmployeesRestAPI:26 - *****  Checking Response Body  *******
2021-01-13 16:19:27 INFO  EmployeesRestAPI:29 - Response Body = {"status":"success","data":[{"id":"1","employee_name":"Tiger Nixon","employee_salary":"320800","employee_age":"61","profile_image":""},{"id":"2","employee_name":"Garrett Winters","employee_salary":"170750","employee_age":"63","profile_image":""},{"id":"3","employee_name":"Ashton Cox","employee_salary":"86000","employee_age":"66","profile_image":""},{"id":"4","employee_name":"Cedric Kelly","employee_salary":"433060","employee_age":"22","profile_image":""},{"id":"5","employee_name":"Airi Satou","employee_salary":"162700","employee_age":"33","profile_image":""},{"id":"6","employee_name":"Brielle Williamson","employee_salary":"372000","employee_age":"61","profile_image":""},{"id":"7","employee_name":"Herrod Chandler","employee_salary":"137500","employee_age":"59","profile_image":""},{"id":"8","employee_name":"Rhona Davidson","employee_salary":"327900","employee_age":"55","profile_image":""},{"id":"9","employee_name":"Colleen Hurst","employee_salary":"205500","employee_age":"39","profile_image":""},{"id":"10","employee_name":"Sonya Frost","employee_salary":"103600","employee_age":"23","profile_image":""},{"id":"11","employee_name":"Jena Gaines","employee_salary":"90560","employee_age":"30","profile_image":""},{"id":"12","employee_name":"Quinn Flynn","employee_salary":"342000","employee_age":"22","profile_image":""},{"id":"13","employee_name":"Charde Marshall","employee_salary":"470600","employee_age":"36","profile_image":""},{"id":"14","employee_name":"Haley Kennedy","employee_salary":"313500","employee_age":"43","profile_image":""},{"id":"15","employee_name":"Tatyana Fitzpatrick","employee_salary":"385750","employee_age":"19","profile_image":""},{"id":"16","employee_name":"Michael Silva","employee_salary":"198500","employee_age":"66","profile_image":""},{"id":"17","employee_name":"Paul Byrd","employee_salary":"725000","employee_age":"64","profile_image":""},{"id":"18","employee_name":"Gloria Little","employee_salary":"237500","employee_age":"59","profile_image":""},{"id":"19","employee_name":"Bradley Greer","employee_salary":"132000","employee_age":"41","profile_image":""},{"id":"20","employee_name":"Dai Rios","employee_salary":"217500","employee_age":"35","profile_image":""},{"id":"21","employee_name":"Jenette Caldwell","employee_salary":"345000","employee_age":"30","profile_image":""},{"id":"22","employee_name":"Yuri Berry","employee_salary":"675000","employee_age":"40","profile_image":""},{"id":"23","employee_name":"Caesar Vance","employee_salary":"106450","employee_age":"21","profile_image":""},{"id":"24","employee_name":"Doris Wilder","employee_salary":"85600","employee_age":"23","profile_image":""}]}
2021-01-13 16:19:27 INFO  EmployeesRestAPI:53 - *****  Check Status Line  *******
2021-01-13 16:19:27 INFO  EmployeesRestAPI:56 - Status Line is = HTTP/1.1 200 OK
2021-01-13 16:19:27 INFO  EmployeesRestAPI:62 - ******  Checking Content Type  *********
2021-01-13 16:19:27 INFO  EmployeesRestAPI:65 - Content Type is = application/json;charset=utf-8
2021-01-13 16:19:27 INFO  EmployeesRestAPI:80 - ******  Finished GetAllEmployees  *******
2021-01-14 00:28:43 INFO  EmployeesRestAPI:16 - *****  Started GetAllEmployees  *******
2021-01-14 00:28:45 INFO  EmployeesRestAPI:45 - *******  Checking Response Time  *******
2021-01-14 00:28:45 INFO  EmployeesRestAPI:48 - Response Time is = 1055
2021-01-14 00:28:45 INFO  EmployeesRestAPI:54 - *****  Check Status Line  *******
2021-01-14 00:28:45 INFO  EmployeesRestAPI:57 - Status Line is = HTTP/1.1 200 OK
2021-01-14 00:28:45 INFO  EmployeesRestAPI:63 - ******  Checking Content Type  *********
2021-01-14 00:28:45 INFO  EmployeesRestAPI:66 - Content Type is = application/json;charset=utf-8
2021-01-14 00:28:45 INFO  EmployeesRestAPI:25 - *****  Checking Response Body  *******
2021-01-14 00:28:45 INFO  EmployeesRestAPI:36 - ******  Checking Status Code  *******
2021-01-14 00:28:45 INFO  EmployeesRestAPI:39 - Status Code is = 200
2021-01-14 00:28:45 INFO  EmployeesRestAPI:72 - *******  Checking Server Type  ********
2021-01-14 00:28:45 INFO  EmployeesRestAPI:75 - Server Type is = nginx/1.16.0
2021-01-14 00:28:45 INFO  EmployeesRestAPI:81 - ******  Finished GetAllEmployees  *******
2021-01-14 00:32:31 INFO  EmployeesRestAPI:16 - *****  Started GetAllEmployees  *******
2021-01-14 00:32:33 INFO  EmployeesRestAPI:36 - ******  Checking Status Code  *******
2021-01-14 00:32:33 INFO  EmployeesRestAPI:39 - Status Code is = 200
2021-01-14 00:32:33 INFO  EmployeesRestAPI:45 - *******  Checking Response Time  *******
2021-01-14 00:32:33 INFO  EmployeesRestAPI:48 - Response Time is = 815
2021-01-14 00:32:33 INFO  EmployeesRestAPI:54 - *****  Check Status Line  *******
2021-01-14 00:32:33 INFO  EmployeesRestAPI:57 - Status Line is = HTTP/1.1 200 OK
2021-01-14 00:32:33 INFO  EmployeesRestAPI:63 - ******  Checking Content Type  *********
2021-01-14 00:32:33 INFO  EmployeesRestAPI:66 - Content Type is = application/json;charset=utf-8
2021-01-14 00:32:33 INFO  EmployeesRestAPI:25 - *****  Checking Response Body  *******
2021-01-14 00:32:33 INFO  EmployeesRestAPI:72 - *******  Checking Server Type  ********
2021-01-14 00:32:33 INFO  EmployeesRestAPI:75 - Server Type is = nginx/1.16.0
2021-01-14 00:32:33 INFO  EmployeesRestAPI:81 - ******  Finished GetAllEmployees  *******
2021-01-14 00:34:20 INFO  EmployeesRestAPI:16 - *****  Started GetAllEmployees  *******
2021-01-14 00:34:23 INFO  EmployeesRestAPI:25 - *****  Checking Response Body  *******
2021-01-14 00:34:23 INFO  EmployeesRestAPI:30 - Response Body = {"status":"success","data":[{"id":"1","employee_name":"Tiger Nixon","employee_salary":"320800","employee_age":"61","profile_image":""},{"id":"2","employee_name":"Garrett Winters","employee_salary":"170750","employee_age":"63","profile_image":""},{"id":"3","employee_name":"Ashton Cox","employee_salary":"86000","employee_age":"66","profile_image":""},{"id":"4","employee_name":"Cedric Kelly","employee_salary":"433060","employee_age":"22","profile_image":""},{"id":"5","employee_name":"Airi Satou","employee_salary":"162700","employee_age":"33","profile_image":""},{"id":"6","employee_name":"Brielle Williamson","employee_salary":"372000","employee_age":"61","profile_image":""},{"id":"7","employee_name":"Herrod Chandler","employee_salary":"137500","employee_age":"59","profile_image":""},{"id":"8","employee_name":"Rhona Davidson","employee_salary":"327900","employee_age":"55","profile_image":""},{"id":"9","employee_name":"Colleen Hurst","employee_salary":"205500","employee_age":"39","profile_image":""},{"id":"10","employee_name":"Sonya Frost","employee_salary":"103600","employee_age":"23","profile_image":""},{"id":"11","employee_name":"Jena Gaines","employee_salary":"90560","employee_age":"30","profile_image":""},{"id":"12","employee_name":"Quinn Flynn","employee_salary":"342000","employee_age":"22","profile_image":""},{"id":"13","employee_name":"Charde Marshall","employee_salary":"470600","employee_age":"36","profile_image":""},{"id":"14","employee_name":"Haley Kennedy","employee_salary":"313500","employee_age":"43","profile_image":""},{"id":"15","employee_name":"Tatyana Fitzpatrick","employee_salary":"385750","employee_age":"19","profile_image":""},{"id":"16","employee_name":"Michael Silva","employee_salary":"198500","employee_age":"66","profile_image":""},{"id":"17","employee_name":"Paul Byrd","employee_salary":"725000","employee_age":"64","profile_image":""},{"id":"18","employee_name":"Gloria Little","employee_salary":"237500","employee_age":"59","profile_image":""},{"id":"19","employee_name":"Bradley Greer","employee_salary":"132000","employee_age":"41","profile_image":""},{"id":"20","employee_name":"Dai Rios","employee_salary":"217500","employee_age":"35","profile_image":""},{"id":"21","employee_name":"Jenette Caldwell","employee_salary":"345000","employee_age":"30","profile_image":""},{"id":"22","employee_name":"Yuri Berry","employee_salary":"675000","employee_age":"40","profile_image":""},{"id":"23","employee_name":"Caesar Vance","employee_salary":"106450","employee_age":"21","profile_image":""},{"id":"24","employee_name":"Doris Wilder","employee_salary":"85600","employee_age":"23","profile_image":""}]}
2021-01-14 00:34:23 INFO  EmployeesRestAPI:81 - ******  Finished GetAllEmployees  *******
2021-01-14 00:34:48 INFO  EmployeesRestAPI:16 - *****  Started GetAllEmployees  *******
2021-01-14 00:34:50 INFO  EmployeesRestAPI:63 - ******  Checking Content Type  *********
2021-01-14 00:34:50 INFO  EmployeesRestAPI:66 - Content Type is = application/json;charset=utf-8
2021-01-14 00:34:50 INFO  EmployeesRestAPI:36 - ******  Checking Status Code  *******
2021-01-14 00:34:50 INFO  EmployeesRestAPI:39 - Status Code is = 200
2021-01-14 00:34:50 INFO  EmployeesRestAPI:72 - *******  Checking Server Type  ********
2021-01-14 00:34:50 INFO  EmployeesRestAPI:75 - Server Type is = nginx/1.16.0
2021-01-14 00:34:50 INFO  EmployeesRestAPI:45 - *******  Checking Response Time  *******
2021-01-14 00:34:50 INFO  EmployeesRestAPI:48 - Response Time is = 745
2021-01-14 00:34:50 INFO  EmployeesRestAPI:54 - *****  Check Status Line  *******
2021-01-14 00:34:50 INFO  EmployeesRestAPI:57 - Status Line is = HTTP/1.1 200 OK
2021-01-14 00:34:50 INFO  EmployeesRestAPI:25 - *****  Checking Response Body  *******
2021-01-14 00:34:50 INFO  EmployeesRestAPI:30 - Response Body = {"status":"success","data":[{"id":"1","employee_name":"Tiger Nixon","employee_salary":"320800","employee_age":"61","profile_image":""},{"id":"2","employee_name":"Garrett Winters","employee_salary":"170750","employee_age":"63","profile_image":""},{"id":"3","employee_name":"Ashton Cox","employee_salary":"86000","employee_age":"66","profile_image":""},{"id":"4","employee_name":"Cedric Kelly","employee_salary":"433060","employee_age":"22","profile_image":""},{"id":"5","employee_name":"Airi Satou","employee_salary":"162700","employee_age":"33","profile_image":""},{"id":"6","employee_name":"Brielle Williamson","employee_salary":"372000","employee_age":"61","profile_image":""},{"id":"7","employee_name":"Herrod Chandler","employee_salary":"137500","employee_age":"59","profile_image":""},{"id":"8","employee_name":"Rhona Davidson","employee_salary":"327900","employee_age":"55","profile_image":""},{"id":"9","employee_name":"Colleen Hurst","employee_salary":"205500","employee_age":"39","profile_image":""},{"id":"10","employee_name":"Sonya Frost","employee_salary":"103600","employee_age":"23","profile_image":""},{"id":"11","employee_name":"Jena Gaines","employee_salary":"90560","employee_age":"30","profile_image":""},{"id":"12","employee_name":"Quinn Flynn","employee_salary":"342000","employee_age":"22","profile_image":""},{"id":"13","employee_name":"Charde Marshall","employee_salary":"470600","employee_age":"36","profile_image":""},{"id":"14","employee_name":"Haley Kennedy","employee_salary":"313500","employee_age":"43","profile_image":""},{"id":"15","employee_name":"Tatyana Fitzpatrick","employee_salary":"385750","employee_age":"19","profile_image":""},{"id":"16","employee_name":"Michael Silva","employee_salary":"198500","employee_age":"66","profile_image":""},{"id":"17","employee_name":"Paul Byrd","employee_salary":"725000","employee_age":"64","profile_image":""},{"id":"18","employee_name":"Gloria Little","employee_salary":"237500","employee_age":"59","profile_image":""},{"id":"19","employee_name":"Bradley Greer","employee_salary":"132000","employee_age":"41","profile_image":""},{"id":"20","employee_name":"Dai Rios","employee_salary":"217500","employee_age":"35","profile_image":""},{"id":"21","employee_name":"Jenette Caldwell","employee_salary":"345000","employee_age":"30","profile_image":""},{"id":"22","employee_name":"Yuri Berry","employee_salary":"675000","employee_age":"40","profile_image":""},{"id":"23","employee_name":"Caesar Vance","employee_salary":"106450","employee_age":"21","profile_image":""},{"id":"24","employee_name":"Doris Wilder","employee_salary":"85600","employee_age":"23","profile_image":""}]}
2021-01-14 00:34:50 INFO  EmployeesRestAPI:81 - ******  Finished GetAllEmployees  *******
2021-01-14 00:37:19 INFO  EmployeesRestAPI:16 - *****  Started GetAllEmployees  *******
2021-01-14 00:37:21 INFO  EmployeesRestAPI:25 - *****  Checking Response Body  *******
2021-01-14 00:37:21 INFO  EmployeesRestAPI:30 - Response Body = {"status":"success","data":[{"id":"1","employee_name":"Tiger Nixon","employee_salary":"320800","employee_age":"61","profile_image":""},{"id":"2","employee_name":"Garrett Winters","employee_salary":"170750","employee_age":"63","profile_image":""},{"id":"3","employee_name":"Ashton Cox","employee_salary":"86000","employee_age":"66","profile_image":""},{"id":"4","employee_name":"Cedric Kelly","employee_salary":"433060","employee_age":"22","profile_image":""},{"id":"5","employee_name":"Airi Satou","employee_salary":"162700","employee_age":"33","profile_image":""},{"id":"6","employee_name":"Brielle Williamson","employee_salary":"372000","employee_age":"61","profile_image":""},{"id":"7","employee_name":"Herrod Chandler","employee_salary":"137500","employee_age":"59","profile_image":""},{"id":"8","employee_name":"Rhona Davidson","employee_salary":"327900","employee_age":"55","profile_image":""},{"id":"9","employee_name":"Colleen Hurst","employee_salary":"205500","employee_age":"39","profile_image":""},{"id":"10","employee_name":"Sonya Frost","employee_salary":"103600","employee_age":"23","profile_image":""},{"id":"11","employee_name":"Jena Gaines","employee_salary":"90560","employee_age":"30","profile_image":""},{"id":"12","employee_name":"Quinn Flynn","employee_salary":"342000","employee_age":"22","profile_image":""},{"id":"13","employee_name":"Charde Marshall","employee_salary":"470600","employee_age":"36","profile_image":""},{"id":"14","employee_name":"Haley Kennedy","employee_salary":"313500","employee_age":"43","profile_image":""},{"id":"15","employee_name":"Tatyana Fitzpatrick","employee_salary":"385750","employee_age":"19","profile_image":""},{"id":"16","employee_name":"Michael Silva","employee_salary":"198500","employee_age":"66","profile_image":""},{"id":"17","employee_name":"Paul Byrd","employee_salary":"725000","employee_age":"64","profile_image":""},{"id":"18","employee_name":"Gloria Little","employee_salary":"237500","employee_age":"59","profile_image":""},{"id":"19","employee_name":"Bradley Greer","employee_salary":"132000","employee_age":"41","profile_image":""},{"id":"20","employee_name":"Dai Rios","employee_salary":"217500","employee_age":"35","profile_image":""},{"id":"21","employee_name":"Jenette Caldwell","employee_salary":"345000","employee_age":"30","profile_image":""},{"id":"22","employee_name":"Yuri Berry","employee_salary":"675000","employee_age":"40","profile_image":""},{"id":"23","employee_name":"Caesar Vance","employee_salary":"106450","employee_age":"21","profile_image":""},{"id":"24","employee_name":"Doris Wilder","employee_salary":"85600","employee_age":"23","profile_image":""}]}
2021-01-14 00:37:21 INFO  EmployeesRestAPI:54 - *****  Check Status Line  *******
2021-01-14 00:37:21 INFO  EmployeesRestAPI:57 - Status Line is = HTTP/1.1 200 OK
2021-01-14 00:37:21 INFO  EmployeesRestAPI:72 - *******  Checking Server Type  ********
2021-01-14 00:37:21 INFO  EmployeesRestAPI:75 - Server Type is = nginx/1.16.0
2021-01-14 00:37:21 INFO  EmployeesRestAPI:63 - ******  Checking Content Type  *********
2021-01-14 00:37:21 INFO  EmployeesRestAPI:66 - Content Type is = application/json;charset=utf-8
2021-01-14 00:37:21 INFO  EmployeesRestAPI:36 - ******  Checking Status Code  *******
2021-01-14 00:37:21 INFO  EmployeesRestAPI:39 - Status Code is = 200
2021-01-14 00:37:21 INFO  EmployeesRestAPI:45 - *******  Checking Response Time  *******
2021-01-14 00:37:21 INFO  EmployeesRestAPI:48 - Response Time is = 816
2021-01-14 00:37:21 INFO  EmployeesRestAPI:81 - ******  Finished GetAllEmployees  *******
2021-01-14 00:38:35 INFO  EmployeesRestAPI:16 - *****  Started GetAllEmployees  *******
2021-01-14 00:38:37 INFO  EmployeesRestAPI:72 - *******  Checking Server Type  ********
2021-01-14 00:38:37 INFO  EmployeesRestAPI:75 - Server Type is = nginx/1.16.0
2021-01-14 00:38:37 INFO  EmployeesRestAPI:25 - *****  Checking Response Body  *******
2021-01-14 00:38:37 INFO  EmployeesRestAPI:30 - Response Body = {"status":"success","data":[{"id":"1","employee_name":"Tiger Nixon","employee_salary":"320800","employee_age":"61","profile_image":""},{"id":"2","employee_name":"Garrett Winters","employee_salary":"170750","employee_age":"63","profile_image":""},{"id":"3","employee_name":"Ashton Cox","employee_salary":"86000","employee_age":"66","profile_image":""},{"id":"4","employee_name":"Cedric Kelly","employee_salary":"433060","employee_age":"22","profile_image":""},{"id":"5","employee_name":"Airi Satou","employee_salary":"162700","employee_age":"33","profile_image":""},{"id":"6","employee_name":"Brielle Williamson","employee_salary":"372000","employee_age":"61","profile_image":""},{"id":"7","employee_name":"Herrod Chandler","employee_salary":"137500","employee_age":"59","profile_image":""},{"id":"8","employee_name":"Rhona Davidson","employee_salary":"327900","employee_age":"55","profile_image":""},{"id":"9","employee_name":"Colleen Hurst","employee_salary":"205500","employee_age":"39","profile_image":""},{"id":"10","employee_name":"Sonya Frost","employee_salary":"103600","employee_age":"23","profile_image":""},{"id":"11","employee_name":"Jena Gaines","employee_salary":"90560","employee_age":"30","profile_image":""},{"id":"12","employee_name":"Quinn Flynn","employee_salary":"342000","employee_age":"22","profile_image":""},{"id":"13","employee_name":"Charde Marshall","employee_salary":"470600","employee_age":"36","profile_image":""},{"id":"14","employee_name":"Haley Kennedy","employee_salary":"313500","employee_age":"43","profile_image":""},{"id":"15","employee_name":"Tatyana Fitzpatrick","employee_salary":"385750","employee_age":"19","profile_image":""},{"id":"16","employee_name":"Michael Silva","employee_salary":"198500","employee_age":"66","profile_image":""},{"id":"17","employee_name":"Paul Byrd","employee_salary":"725000","employee_age":"64","profile_image":""},{"id":"18","employee_name":"Gloria Little","employee_salary":"237500","employee_age":"59","profile_image":""},{"id":"19","employee_name":"Bradley Greer","employee_salary":"132000","employee_age":"41","profile_image":""},{"id":"20","employee_name":"Dai Rios","employee_salary":"217500","employee_age":"35","profile_image":""},{"id":"21","employee_name":"Jenette Caldwell","employee_salary":"345000","employee_age":"30","profile_image":""},{"id":"22","employee_name":"Yuri Berry","employee_salary":"675000","employee_age":"40","profile_image":""},{"id":"23","employee_name":"Caesar Vance","employee_salary":"106450","employee_age":"21","profile_image":""},{"id":"24","employee_name":"Doris Wilder","employee_salary":"85600","employee_age":"23","profile_image":""}]}
2021-01-14 00:38:37 INFO  EmployeesRestAPI:36 - ******  Checking Status Code  *******
2021-01-14 00:38:37 INFO  EmployeesRestAPI:39 - Status Code is = 200
2021-01-14 00:38:37 INFO  EmployeesRestAPI:45 - *******  Checking Response Time  *******
2021-01-14 00:38:37 INFO  EmployeesRestAPI:48 - Response Time is = 923
2021-01-14 00:38:37 INFO  EmployeesRestAPI:54 - *****  Check Status Line  *******
2021-01-14 00:38:37 INFO  EmployeesRestAPI:57 - Status Line is = HTTP/1.1 200 OK
2021-01-14 00:38:37 INFO  EmployeesRestAPI:63 - ******  Checking Content Type  *********
2021-01-14 00:38:37 INFO  EmployeesRestAPI:66 - Content Type is = application/json;charset=utf-8
2021-01-14 00:38:37 INFO  EmployeesRestAPI:81 - ******  Finished GetAllEmployees  *******
2021-01-14 00:41:20 INFO  EmployeesRestAPI:16 - *****  Started GetAllEmployees  *******
2021-01-14 00:41:22 INFO  EmployeesRestAPI:45 - *******  Checking Response Time  *******
2021-01-14 00:41:22 INFO  EmployeesRestAPI:48 - Response Time is = 1107
2021-01-14 00:41:22 INFO  EmployeesRestAPI:63 - ******  Checking Content Type  *********
2021-01-14 00:41:22 INFO  EmployeesRestAPI:66 - Content Type is = application/json;charset=utf-8
2021-01-14 00:41:22 INFO  EmployeesRestAPI:36 - ******  Checking Status Code  *******
2021-01-14 00:41:22 INFO  EmployeesRestAPI:39 - Status Code is = 200
2021-01-14 00:41:22 INFO  EmployeesRestAPI:25 - *****  Checking Response Body  *******
2021-01-14 00:41:22 INFO  EmployeesRestAPI:30 - Response Body = {"status":"success","data":[{"id":"1","employee_name":"Tiger Nixon","employee_salary":"320800","employee_age":"61","profile_image":""},{"id":"2","employee_name":"Garrett Winters","employee_salary":"170750","employee_age":"63","profile_image":""},{"id":"3","employee_name":"Ashton Cox","employee_salary":"86000","employee_age":"66","profile_image":""},{"id":"4","employee_name":"Cedric Kelly","employee_salary":"433060","employee_age":"22","profile_image":""},{"id":"5","employee_name":"Airi Satou","employee_salary":"162700","employee_age":"33","profile_image":""},{"id":"6","employee_name":"Brielle Williamson","employee_salary":"372000","employee_age":"61","profile_image":""},{"id":"7","employee_name":"Herrod Chandler","employee_salary":"137500","employee_age":"59","profile_image":""},{"id":"8","employee_name":"Rhona Davidson","employee_salary":"327900","employee_age":"55","profile_image":""},{"id":"9","employee_name":"Colleen Hurst","employee_salary":"205500","employee_age":"39","profile_image":""},{"id":"10","employee_name":"Sonya Frost","employee_salary":"103600","employee_age":"23","profile_image":""},{"id":"11","employee_name":"Jena Gaines","employee_salary":"90560","employee_age":"30","profile_image":""},{"id":"12","employee_name":"Quinn Flynn","employee_salary":"342000","employee_age":"22","profile_image":""},{"id":"13","employee_name":"Charde Marshall","employee_salary":"470600","employee_age":"36","profile_image":""},{"id":"14","employee_name":"Haley Kennedy","employee_salary":"313500","employee_age":"43","profile_image":""},{"id":"15","employee_name":"Tatyana Fitzpatrick","employee_salary":"385750","employee_age":"19","profile_image":""},{"id":"16","employee_name":"Michael Silva","employee_salary":"198500","employee_age":"66","profile_image":""},{"id":"17","employee_name":"Paul Byrd","employee_salary":"725000","employee_age":"64","profile_image":""},{"id":"18","employee_name":"Gloria Little","employee_salary":"237500","employee_age":"59","profile_image":""},{"id":"19","employee_name":"Bradley Greer","employee_salary":"132000","employee_age":"41","profile_image":""},{"id":"20","employee_name":"Dai Rios","employee_salary":"217500","employee_age":"35","profile_image":""},{"id":"21","employee_name":"Jenette Caldwell","employee_salary":"345000","employee_age":"30","profile_image":""},{"id":"22","employee_name":"Yuri Berry","employee_salary":"675000","employee_age":"40","profile_image":""},{"id":"23","employee_name":"Caesar Vance","employee_salary":"106450","employee_age":"21","profile_image":""},{"id":"24","employee_name":"Doris Wilder","employee_salary":"85600","employee_age":"23","profile_image":""}]}
2021-01-14 00:41:22 INFO  EmployeesRestAPI:54 - *****  Check Status Line  *******
2021-01-14 00:41:22 INFO  EmployeesRestAPI:57 - Status Line is = HTTP/1.1 200 OK
2021-01-14 00:41:22 INFO  EmployeesRestAPI:72 - *******  Checking Server Type  ********
2021-01-14 00:41:22 INFO  EmployeesRestAPI:75 - Server Type is = nginx/1.16.0
2021-01-14 00:41:22 INFO  EmployeesRestAPI:81 - ******  Finished GetAllEmployees  *******
2021-01-14 00:53:43 INFO  EmployeesRestAPI:16 - *****  Started GetAllEmployees  *******
2021-01-14 00:53:45 INFO  EmployeesRestAPI:25 - *****  Checking Response Body  *******
2021-01-14 00:53:45 INFO  EmployeesRestAPI:29 - Response Body = {"status":"success","data":[{"id":"1","employee_name":"Tiger Nixon","employee_salary":"320800","employee_age":"61","profile_image":""},{"id":"2","employee_name":"Garrett Winters","employee_salary":"170750","employee_age":"63","profile_image":""},{"id":"3","employee_name":"Ashton Cox","employee_salary":"86000","employee_age":"66","profile_image":""},{"id":"4","employee_name":"Cedric Kelly","employee_salary":"433060","employee_age":"22","profile_image":""},{"id":"5","employee_name":"Airi Satou","employee_salary":"162700","employee_age":"33","profile_image":""},{"id":"6","employee_name":"Brielle Williamson","employee_salary":"372000","employee_age":"61","profile_image":""},{"id":"7","employee_name":"Herrod Chandler","employee_salary":"137500","employee_age":"59","profile_image":""},{"id":"8","employee_name":"Rhona Davidson","employee_salary":"327900","employee_age":"55","profile_image":""},{"id":"9","employee_name":"Colleen Hurst","employee_salary":"205500","employee_age":"39","profile_image":""},{"id":"10","employee_name":"Sonya Frost","employee_salary":"103600","employee_age":"23","profile_image":""},{"id":"11","employee_name":"Jena Gaines","employee_salary":"90560","employee_age":"30","profile_image":""},{"id":"12","employee_name":"Quinn Flynn","employee_salary":"342000","employee_age":"22","profile_image":""},{"id":"13","employee_name":"Charde Marshall","employee_salary":"470600","employee_age":"36","profile_image":""},{"id":"14","employee_name":"Haley Kennedy","employee_salary":"313500","employee_age":"43","profile_image":""},{"id":"15","employee_name":"Tatyana Fitzpatrick","employee_salary":"385750","employee_age":"19","profile_image":""},{"id":"16","employee_name":"Michael Silva","employee_salary":"198500","employee_age":"66","profile_image":""},{"id":"17","employee_name":"Paul Byrd","employee_salary":"725000","employee_age":"64","profile_image":""},{"id":"18","employee_name":"Gloria Little","employee_salary":"237500","employee_age":"59","profile_image":""},{"id":"19","employee_name":"Bradley Greer","employee_salary":"132000","employee_age":"41","profile_image":""},{"id":"20","employee_name":"Dai Rios","employee_salary":"217500","employee_age":"35","profile_image":""},{"id":"21","employee_name":"Jenette Caldwell","employee_salary":"345000","employee_age":"30","profile_image":""},{"id":"22","employee_name":"Yuri Berry","employee_salary":"675000","employee_age":"40","profile_image":""},{"id":"23","employee_name":"Caesar Vance","employee_salary":"106450","employee_age":"21","profile_image":""},{"id":"24","employee_name":"Doris Wilder","employee_salary":"85600","employee_age":"23","profile_image":""}]}
2021-01-14 00:53:45 INFO  EmployeesRestAPI:45 - *******  Checking Response Time  *******
2021-01-14 00:53:45 INFO  EmployeesRestAPI:49 - Response Time is = 1130
2021-01-14 00:53:45 INFO  EmployeesRestAPI:55 - *****  Check Status Line  *******
2021-01-14 00:53:45 INFO  EmployeesRestAPI:59 - Status Line is = HTTP/1.1 200 OK
2021-01-14 00:53:45 INFO  EmployeesRestAPI:65 - ******  Checking Content Type  *********
2021-01-14 00:53:45 INFO  EmployeesRestAPI:69 - Content Type is = application/json;charset=utf-8
2021-01-14 00:53:45 INFO  EmployeesRestAPI:35 - ******  Checking Status Code  *******
2021-01-14 00:53:45 INFO  EmployeesRestAPI:39 - Status Code is = 200
2021-01-14 00:53:45 INFO  EmployeesRestAPI:75 - *******  Checking Server Type  ********
2021-01-14 00:53:45 INFO  EmployeesRestAPI:79 - Server Type is = nginx/1.16.0
2021-01-14 00:53:45 INFO  EmployeesRestAPI:85 - ******  Finished GetAllEmployees  *******
2021-01-14 00:57:54 INFO  EmployeesRestAPI:20 - ***** Started Get Employee Data  ******
2021-01-14 00:57:57 INFO  EmployeesRestAPI:77 - ******  Finished GetAllEmployees  *******
2021-01-14 01:01:53 INFO  EmployeesRestAPI:26 - *****  Started Post Employee *****
2021-01-14 01:01:56 INFO  EmployeesRestAPI:87 - ******  Finished Post Employees  *******
2021-01-14 01:04:06 INFO  EmployeesRestAPI:26 - *****  Started Update Employee *****
2021-01-14 01:04:09 INFO  EmployeesRestAPI:87 - ******  Finished Update Employees  *******
2021-01-14 01:06:26 INFO  EmployeesRestAPI:21 - *****  Started Delete Employee  *******
2021-01-14 01:06:29 INFO  EmployeesRestAPI:76 - ******  Finished Delete Employees  *******
